<?xml version="1.0" encoding="UTF-8"?>
<!-- Generated by org.testng.reporters.JUnitReportReporter -->
<testsuite hostname="Zeus" failures="0" tests="2" name="org.project.qa.testcases.Login" time="11.956" errors="0" timestamp="2024-02-29T14:24:27 IST" skipped="0">
  <testcase classname="org.project.qa.testcases.Login" name="verifyWithValidCredentials" time="5.507"/>
  <system-out/>
  <testcase classname="org.project.qa.testcases.Login" name="verifyWithInvalidCredentials" time="6.449"/>
  <system-out/>
</testsuite> <!-- org.project.qa.testcases.Login -->
